E:\SOFTWARE ENG 2\SOFTWARE ENGINNERING 2\FINAL\DEBUG\FINAL.ILK
E:\SOFTWARE ENG 2\SOFTWARE ENGINNERING 2\FINAL\DEBUG\FINAL.EXE
E:\SOFTWARE ENG 2\SOFTWARE ENGINNERING 2\FINAL\DEBUG\FINAL.PDB
F:\SOFTWARE ENG 2\SOFTWARE ENGINNERING 2\FINAL\DEBUG\FINAL.ILK
F:\SOFTWARE ENG 2\SOFTWARE ENGINNERING 2\FINAL\DEBUG\FINAL.EXE
F:\SOFTWARE ENG 2\SOFTWARE ENGINNERING 2\FINAL\DEBUG\FINAL.PDB
E:\SOFTWARE ENG 2\SOFTWARE ENGINNERING 2\FINAL\FINAL\DEBUG\FINAL.PCH
E:\SOFTWARE ENG 2\SOFTWARE ENGINNERING 2\FINAL\FINAL\DEBUG\STDAFX.OBJ
E:\SOFTWARE ENG 2\SOFTWARE ENGINNERING 2\FINAL\FINAL\DEBUG\VC110.PDB
E:\SOFTWARE ENG 2\SOFTWARE ENGINNERING 2\FINAL\FINAL\DEBUG\FINAL.OBJ
E:\SOFTWARE ENG 2\SOFTWARE ENGINNERING 2\FINAL\FINAL\DEBUG\ASSEMBLYINFO.OBJ
F:\SOFTWARE ENG 2\SOFTWARE ENGINNERING 2\FINAL\FINAL\DEBUG\FINAL.PCH
F:\SOFTWARE ENG 2\SOFTWARE ENGINNERING 2\FINAL\FINAL\DEBUG\STDAFX.OBJ
F:\SOFTWARE ENG 2\SOFTWARE ENGINNERING 2\FINAL\FINAL\DEBUG\VC110.PDB
F:\SOFTWARE ENG 2\SOFTWARE ENGINNERING 2\FINAL\FINAL\DEBUG\FINAL.OBJ
F:\SOFTWARE ENG 2\SOFTWARE ENGINNERING 2\FINAL\FINAL\DEBUG\ASSEMBLYINFO.OBJ
F:\SOFTWARE ENG 2\SOFTWARE ENGINNERING 2\FINAL\FINAL\DEBUG\.NETFRAMEWORK,VERSION=V4.5.ASSEMBLYATTRIBUTES.OBJ
E:\software eng 2\Software Enginnering 2\Final\Final\Debug\Final.Form1.resources
F:\software eng 2\Software Enginnering 2\Final\Final\Debug\Final.Form1.resources
E:\SOFTWARE ENG 2\SOFTWARE ENGINNERING 2\FINAL\FINAL\DEBUG\APP.RES
F:\SOFTWARE ENG 2\SOFTWARE ENGINNERING 2\FINAL\FINAL\DEBUG\APP.RES
E:\software eng 2\Software Enginnering 2\Final\Final\Debug\Final.vcxprojResolveAssemblyReference.cache
E:\software eng 2\Software Enginnering 2\Final\Final\Debug\Final.vcxproj.GenerateResource.Cache
E:\software eng 2\Software Enginnering 2\Final\Final\Debug\stdafx.obj
E:\software eng 2\Software Enginnering 2\Final\Final\Debug\Final.obj
E:\software eng 2\Software Enginnering 2\Final\Final\Debug\AssemblyInfo.obj
E:\software eng 2\Software Enginnering 2\Final\Final\Debug\.NETFramework,Version=v4.5.AssemblyAttributes.obj
E:\software eng 2\Software Enginnering 2\Final\Final\Debug\link.5100-cvtres.write.1.tlog
E:\software eng 2\Software Enginnering 2\Final\Final\Debug\link.5100.read.1.tlog
E:\software eng 2\Software Enginnering 2\Final\Final\Debug\link.5100.write.1.tlog
E:\software eng 2\Software Enginnering 2\Final\Final\Debug\link.read.1.tlog
E:\software eng 2\Software Enginnering 2\Final\Final\Debug\link.write.1.tlog
E:\software eng 2\Software Enginnering 2\Final\Final\Debug\link.command.1.tlog
E:\software eng 2\Software Enginnering 2\Final\Final\Debug\link.7956-rc.read.1.tlog
E:\software eng 2\Software Enginnering 2\Final\Final\Debug\link.7956-rc.write.1.tlog
E:\software eng 2\Software Enginnering 2\Final\Final\Debug\link.7956-cvtres.read.1.tlog
E:\software eng 2\Software Enginnering 2\Final\Final\Debug\link.7956-cvtres.write.1.tlog
E:\software eng 2\Software Enginnering 2\Final\Final\Debug\link.7956.read.1.tlog
E:\software eng 2\Software Enginnering 2\Final\Final\Debug\link.7956.write.1.tlog
E:\software eng 2\Software Enginnering 2\Final\Final\Debug\metagen.write.1.tlog
E:\software eng 2\Software Enginnering 2\Final\Final\Debug\CL.read.1.tlog
E:\software eng 2\Software Enginnering 2\Final\Final\Debug\CL.write.1.tlog
E:\software eng 2\Software Enginnering 2\Final\Final\Debug\cl.command.1.tlog
E:\software eng 2\Software Enginnering 2\Final\Final\Debug\metagen.read.1.tlog
E:\software eng 2\Software Enginnering 2\Final\Final\Debug\Final.write.1.tlog
E:\software eng 2\Software Enginnering 2\Final\Final\Debug\rc.read.1.tlog
E:\software eng 2\Software Enginnering 2\Final\Final\Debug\rc.write.1.tlog
E:\software eng 2\Software Enginnering 2\Final\Final\Debug\rc.command.1.tlog
E:\software eng 2\Software Enginnering 2\Final\Final\Debug\link.5100-rc.read.1.tlog
E:\software eng 2\Software Enginnering 2\Final\Final\Debug\link.5100-rc.write.1.tlog
E:\software eng 2\Software Enginnering 2\Final\Final\Debug\link.5100-cvtres.read.1.tlog
E:\software eng 2\Software Enginnering 2\Final\Final\Debug\app.res
E:\software eng 2\Software Enginnering 2\Final\Final\Debug\Final.pch
E:\software eng 2\Software Enginnering 2\Final\Final\Debug\vc110.pdb
E:\software eng 2\Software Enginnering 2\Final\Final\Debug\TZRES.DLL.bi
E:\software eng 2\Software Enginnering 2\Final\Debug\Final.pdb
E:\software eng 2\Software Enginnering 2\Final\Debug\Final.exe
E:\software eng 2\Software Enginnering 2\Final\Debug\Final.ilk
